<?xml version="1.0" encoding="UTF-8" ?>
<testsuite tests="0" failures="0" name="YamlTest" time="0" errors="0" skipped="0">
  <properties>
    <property name="idea.version" value="2021.2.2"/>
    <property name="java.runtime.name" value="OpenJDK Runtime Environment"/>
    <property name="sun.boot.library.path" value="D:\ProgramFiles\ProgramingLanguage\Java\graalvm-ce-java8-21.2.0\jre\bin"/>
    <property name="java.vm.version" value="25.302-b07-jvmci-21.2-b08"/>
    <property name="java.vm.vendor" value="GraalVM Community"/>
    <property name="maven.multiModuleProjectDirectory" value="D:\workspace\IDEAworkspace\train"/>
    <property name="java.vendor.url" value="https://www.graalvm.org/"/>
    <property name="path.separator" value=";"/>
    <property name="guice.disable.misplaced.annotation.check" value="true"/>
    <property name="java.vm.name" value="OpenJDK 64-Bit Server VM GraalVM CE 21.2.0"/>
    <property name="file.encoding.pkg" value="sun.io"/>
    <property name="user.script" value=""/>
    <property name="user.country" value="CN"/>
    <property name="sun.java.launcher" value="SUN_STANDARD"/>
    <property name="sun.os.patch.level" value=""/>
    <property name="java.vm.specification.name" value="Java Virtual Machine Specification"/>
    <property name="user.dir" value="D:\workspace\IDEAworkspace\train"/>
    <property name="java.runtime.version" value="1.8.0_302-b07"/>
    <property name="java.awt.graphicsenv" value="sun.awt.Win32GraphicsEnvironment"/>
    <property name="java.endorsed.dirs" value="D:\ProgramFiles\ProgramingLanguage\Java\graalvm-ce-java8-21.2.0\jre\lib\endorsed"/>
    <property name="os.arch" value="amd64"/>
    <property name="java.io.tmpdir" value="C:\Users\huige\AppData\Local\Temp\"/>
    <property name="line.separator" value="
"/>
    <property name="java.vm.specification.vendor" value="Oracle Corporation"/>
    <property name="user.variant" value=""/>
    <property name="os.name" value="Windows 10"/>
    <property name="maven.ext.class.path" value="D:\IntelliJ IDEA 2021.2.2\plugins\maven\lib\maven-event-listener.jar"/>
    <property name="classworlds.conf" value="D:\ProgramFiles\Apache\maven\apache-maven-3.6.3\bin\m2.conf"/>
    <property name="sun.jnu.encoding" value="GBK"/>
    <property name="java.library.path" value="D:\ProgramFiles\ProgramingLanguage\Java\graalvm-ce-java8-21.2.0\bin;C:\WINDOWS\Sun\Java\bin;C:\WINDOWS\system32;C:\WINDOWS;E:\DailySoft\python\Anaconda3\;E:\DailySoft\python\Anaconda3\Scripts;E:\DailySoft\python\Anaconda3\Library\bin;D:\DailySoft\VMware\bin\;D:\ProgramFiles\ProgramingLanguage\SenChaCmd\Sencha\Cmd\4.0.2.67;D:\ProgramFiles\sencha\Sencha\Cmd\4.0.2.67;C:\WINDOWS\System32\WindowsPowerShell\v1.0\;C:\WINDOWS\system32;C:\WINDOWS;C:\WINDOWS\System32\Wbem;C:\WINDOWS\System32\OpenSSH\;D:\DailySoft\Git\cmd;D:\DailySoft\calibre5.23.0\;D:\ProgramFiles\ProgramingLanguage\Go\bin;D:\DailySoft\Xshell7\;D:\DailySoft\Xftp7\;C:\Program Files (x86)\NVIDIA Corporation\PhysX\Common;C:\Program Files\dotnet\;C:\cmder;D:\ProgramFiles\tools\dos2unix-7.4.2-win64\bin;D:\ProgramFiles\TortoiseGit\bin;D:\ProgramFiles\Bandizip\;C:\ProgramData\chocolatey\bin;D:\ProgramFiles\Apache\maven\mvnd-0.7.1-windows-amd64\bin;D:\ProgramFiles\Apache\maven\mvnd-0.7.1-windows-amd64\mvn\bin;D:\ProgramFiles\NodeJs\;C:\WINDOWS\system32;C:\WINDOWS;C:\WINDOWS\System32\Wbem;C:\WINDOWS\System32\WindowsPowerShell\v1.0\;C:\WINDOWS\System32\OpenSSH\;D:\ProgramFiles\ProgramingLanguage\Java\openjdk-8u302-b08\bin;D:\ProgramFiles\ProgramingLanguage\Ruby193\bin;C:\Users\huige\AppData\Local\Microsoft\WindowsApps;;D:\DailySoft\Microsoft VS Code\bin;C:\Users\huige\go\bin;D:\DailySoft\Fiddler;C:\Users\huige\AppData\Roaming\npm;C:\Users\huige\AppData\Local\Microsoft\WindowsApps;."/>
    <property name="maven.conf" value="D:\ProgramFiles\Apache\maven\apache-maven-3.6.3/conf"/>
    <property name="java.specification.name" value="Java Platform API Specification"/>
    <property name="java.class.version" value="52.0"/>
    <property name="sun.management.compiler" value="HotSpot 64-Bit Tiered Compilers"/>
    <property name="os.version" value="10.0"/>
    <property name="user.home" value="C:\Users\huige"/>
    <property name="user.timezone" value="Asia/Singapore"/>
    <property name="java.awt.printerjob" value="sun.awt.windows.WPrinterJob"/>
    <property name="java.specification.version" value="1.8"/>
    <property name="file.encoding" value="UTF-8"/>
    <property name="user.name" value="huige"/>
    <property name="java.class.path" value="D:\ProgramFiles\Apache\maven\apache-maven-3.6.3\boot\plexus-classworlds-2.6.0.jar;D:\ProgramFiles\Apache\maven\apache-maven-3.6.3\boot\plexus-classworlds.license;D:\IntelliJ IDEA 2021.2.2\lib\idea_rt.jar"/>
    <property name="java.vm.specification.version" value="1.8"/>
    <property name="sun.arch.data.model" value="64"/>
    <property name="java.home" value="D:\ProgramFiles\ProgramingLanguage\Java\graalvm-ce-java8-21.2.0\jre"/>
    <property name="sun.java.command" value="org.codehaus.classworlds.Launcher -Didea.version=2021.2.2 -s D:\ProgramFiles\Apache\maven\apache-maven-3.6.3\conf\settings.xml install"/>
    <property name="java.specification.vendor" value="Oracle Corporation"/>
    <property name="user.language" value="zh"/>
    <property name="awt.toolkit" value="sun.awt.windows.WToolkit"/>
    <property name="java.vm.info" value="mixed mode"/>
    <property name="java.version" value="1.8.0_302"/>
    <property name="java.ext.dirs" value="D:\ProgramFiles\ProgramingLanguage\Java\graalvm-ce-java8-21.2.0\jre\lib\ext;C:\WINDOWS\Sun\Java\lib\ext"/>
    <property name="sun.boot.class.path" value="D:\ProgramFiles\ProgramingLanguage\Java\graalvm-ce-java8-21.2.0\jre\lib\resources.jar;D:\ProgramFiles\ProgramingLanguage\Java\graalvm-ce-java8-21.2.0\jre\lib\rt.jar;D:\ProgramFiles\ProgramingLanguage\Java\graalvm-ce-java8-21.2.0\jre\lib\sunrsasign.jar;D:\ProgramFiles\ProgramingLanguage\Java\graalvm-ce-java8-21.2.0\jre\lib\jsse.jar;D:\ProgramFiles\ProgramingLanguage\Java\graalvm-ce-java8-21.2.0\jre\lib\jce.jar;D:\ProgramFiles\ProgramingLanguage\Java\graalvm-ce-java8-21.2.0\jre\lib\charsets.jar;D:\ProgramFiles\ProgramingLanguage\Java\graalvm-ce-java8-21.2.0\jre\lib\jfr.jar;D:\ProgramFiles\ProgramingLanguage\Java\graalvm-ce-java8-21.2.0\jre\lib\jvmci-services.jar;D:\ProgramFiles\ProgramingLanguage\Java\graalvm-ce-java8-21.2.0\jre\classes;D:\ProgramFiles\ProgramingLanguage\Java\graalvm-ce-java8-21.2.0\jre\lib\boot\graal-sdk.jar;D:\ProgramFiles\ProgramingLanguage\Java\graalvm-ce-java8-21.2.0\jre\lib\boot\graal-sdk.src.zip;D:\ProgramFiles\ProgramingLanguage\Java\graalvm-ce-java8-21.2.0\jre\lib\boot\graaljs-scriptengine.jar"/>
    <property name="java.vendor" value="GraalVM Community"/>
    <property name="maven.home" value="D:\ProgramFiles\Apache\maven\apache-maven-3.6.3"/>
    <property name="file.separator" value="\"/>
    <property name="java.vendor.url.bug" value="https://github.com/oracle/graal/issues"/>
    <property name="sun.cpu.endian" value="little"/>
    <property name="sun.io.unicode.encoding" value="UnicodeLittle"/>
    <property name="jvmci.Compiler" value="graal"/>
    <property name="sun.desktop" value="windows"/>
    <property name="sun.cpu.isalist" value="amd64"/>
  </properties>
</testsuite>